File not found
  Doctor details File not found
  Doctor_details.txt File not found 
  Patient details File not found
  Patient_details.txt File not found 
  pharmacy details File not found
  Pharmacy_details.txt File not found 
  facility details File not found
  Facility_details.txt File not found 
  Doctor details File not found
  21  Doctor data added successfully.
  32  Doctor data added successfully.
  17  Doctor data added successfully.
  33  Doctor data added successfully.
  1912  patient data added successfully.
  1913  patient data added successfully.
  1916  patient data added successfully.
  1936  patient data added successfully.
  Corex added successfully.
  Nytra added successfully.
  Purfa added successfully.
  Pride added successfully.
  Emergency added successfully.
  X-Ray added successfully.
  MRI added successfully.
  RTPCR added successfully.
  